\BOOKMARK [1][-]{section*.1}{\376\377\000I\000n\000t\000r\000o\000d\000u\000c\000t\000i\000o\000n}{}% 1
\BOOKMARK [1][-]{section*.2}{\376\377\000D\000e\000s\000c\000r\000i\000p\000t\000i\000o\000n\000\040\000o\000f\000\040\000t\000h\000e\000\040\000E\000x\000p\000e\000r\000i\000m\000e\000n\000t\000s}{}% 2
\BOOKMARK [2][-]{section*.3}{\376\377\000P\000i\000t\000\040\000T\000r\000a\000d\000i\000n\000g\000\040\000M\000a\000r\000k\000e\000t}{section*.2}% 3
\BOOKMARK [2][-]{section*.4}{\376\377\000E\000n\000t\000r\000y\000\040\000a\000n\000d\000\040\000E\000x\000i\000t}{section*.2}% 4
\BOOKMARK [2][-]{section*.5}{\376\377\000O\000l\000i\000g\000o\000p\000l\000y}{section*.2}% 5
\BOOKMARK [3][-]{section*.6}{\376\377\000B\000e\000r\000t\000r\000a\000n\000d\000\040\000D\000u\000o\000p\000l\000o\000y}{section*.5}% 6
\BOOKMARK [3][-]{section*.7}{\376\377\000C\000o\000u\000r\000n\000o\000t\000\040\000D\000u\000o\000p\000o\000l\000y}{section*.5}% 7
\BOOKMARK [3][-]{section*.8}{\376\377\000S\000t\000a\000c\000k\000e\000l\000b\000e\000r\000g\000\040\000D\000u\000o\000p\000o\000l\000y}{section*.5}% 8
\BOOKMARK [2][-]{section*.9}{\376\377\000P\000u\000b\000l\000i\000c\000\040\000G\000o\000o\000d\000\040\000G\000a\000m\000e}{section*.2}% 9
\BOOKMARK [2][-]{section*.10}{\376\377\000P\000o\000l\000l\000u\000t\000i\000o\000n\000\040\000P\000o\000l\000i\000c\000i\000e\000s}{section*.2}% 10
\BOOKMARK [2][-]{section*.11}{\376\377\000L\000o\000b\000b\000y\000i\000n\000g}{section*.2}% 11
\BOOKMARK [2][-]{section*.12}{\376\377\000B\000e\000h\000a\000v\000i\000o\000r\000a\000l\000\040\000E\000c\000o\000n\000o\000m\000i\000c\000s}{section*.2}% 12
\BOOKMARK [3][-]{section*.13}{\376\377\000A\000n\000c\000h\000o\000r\000i\000n\000g\000\040\000G\000a\000m\000e}{section*.12}% 13
\BOOKMARK [3][-]{section*.14}{\376\377\000U\000l\000t\000i\000m\000a\000t\000u\000m\000\040\000G\000a\000m\000e}{section*.12}% 14
\BOOKMARK [1][-]{section*.15}{\376\377\000T\000h\000e\000\040\000e\000c\000o\000n\000G\000a\000m\000e\000\040\000P\000a\000c\000k\000a\000g\000e}{}% 15
\BOOKMARK [2][-]{section*.16}{\376\377\000E\000x\000p\000o\000r\000t\000i\000n\000g\000\040\000t\000h\000e\000\040\000R\000e\000s\000u\000l\000t\000s}{section*.15}% 16
\BOOKMARK [2][-]{section*.17}{\376\377\000T\000a\000b\000u\000l\000a\000t\000i\000n\000g\000\040\000t\000h\000e\000\040\000R\000e\000s\000u\000l\000t\000s}{section*.15}% 17
\BOOKMARK [2][-]{section*.18}{\376\377\000S\000h\000i\000n\000y\000\040\000U\000s\000e\000r\000\040\000I\000n\000t\000e\000r\000f\000a\000c\000e}{section*.15}% 18
\BOOKMARK [1][-]{section*.19}{\376\377\000D\000i\000s\000c\000u\000s\000s\000i\000o\000n}{}% 19
\BOOKMARK [1][-]{section*.20}{\376\377\000R\000e\000f\000e\000r\000e\000n\000c\000e\000s}{}% 20
